[2026-02-17T03:59:30Z INFO  mantis] Beginning run...
[2026-02-17T03:59:30Z INFO  mantis::parse] Parsed 37 buses, 27 loads, 45 generators, 89 branches
[2026-02-17T03:59:30Z INFO  mantis] Loaded case 'October 26, 2023 09:04:49; Simulator Version 23; BuildDate 2023_8_27': 37 buses, 27 loads, 45 generators, 89 branches
[2026-02-17T03:59:30Z DEBUG mantis::loadflow] Found     36 non-slack buses
[2026-02-17T03:59:30Z DEBUG mantis::loadflow] i:      0, j:      4
[2026-02-17T03:59:30Z DEBUG mantis::loadflow] i:      0, j:      4
[2026-02-17T03:59:30Z DEBUG mantis::loadflow] i:      0, j:     21
[2026-02-17T03:59:30Z DEBUG mantis::loadflow] i:      0, j:     23
[2026-02-17T03:59:30Z DEBUG mantis::loadflow] i:      0, j:     23
[2026-02-17T03:59:30Z DEBUG mantis::loadflow] i:      0, j:     33
[2026-02-17T03:59:30Z DEBUG mantis::loadflow] i:      0, j:     33
[2026-02-17T03:59:30Z DEBUG mantis::loadflow] i:      1, j:      3
[2026-02-17T03:59:30Z DEBUG mantis::loadflow] i:      1, j:      5
[2026-02-17T03:59:30Z DEBUG mantis::loadflow] i:      1, j:      5
[2026-02-17T03:59:30Z DEBUG mantis::loadflow] i:      1, j:      6
[2026-02-17T03:59:30Z DEBUG mantis::loadflow] i:      1, j:     20
[2026-02-17T03:59:30Z DEBUG mantis::loadflow] i:      1, j:     24
[2026-02-17T03:59:30Z DEBUG mantis::loadflow] i:      1, j:     24
[2026-02-17T03:59:30Z DEBUG mantis::loadflow] i:      2, j:      5
[2026-02-17T03:59:30Z DEBUG mantis::loadflow] i:      2, j:      5
[2026-02-17T03:59:30Z DEBUG mantis::loadflow] i:      2, j:     15
[2026-02-17T03:59:30Z DEBUG mantis::loadflow] i:      2, j:     18
[2026-02-17T03:59:30Z DEBUG mantis::loadflow] i:      2, j:     18
[2026-02-17T03:59:30Z DEBUG mantis::loadflow] i:      2, j:     18
[2026-02-17T03:59:30Z DEBUG mantis::loadflow] i:      2, j:     20
[2026-02-17T03:59:30Z DEBUG mantis::loadflow] i:      3, j:     12
[2026-02-17T03:59:30Z DEBUG mantis::loadflow] i:      4, j:      8
[2026-02-17T03:59:30Z DEBUG mantis::loadflow] i:      4, j:     13
[2026-02-17T03:59:30Z DEBUG mantis::loadflow] i:      6, j:      5
[2026-02-17T03:59:30Z DEBUG mantis::loadflow] i:      6, j:      5
[2026-02-17T03:59:30Z DEBUG mantis::loadflow] i:      6, j:      5
[2026-02-17T03:59:30Z DEBUG mantis::loadflow] i:      5, j:     10
[2026-02-17T03:59:30Z DEBUG mantis::loadflow] i:      5, j:     11
[2026-02-17T03:59:30Z DEBUG mantis::loadflow] i:      5, j:     11
[2026-02-17T03:59:30Z DEBUG mantis::loadflow] i:      6, j:      9
[2026-02-17T03:59:30Z DEBUG mantis::loadflow] i:      6, j:     12
[2026-02-17T03:59:30Z DEBUG mantis::loadflow] i:      6, j:     12
[2026-02-17T03:59:30Z DEBUG mantis::loadflow] i:      6, j:     12
[2026-02-17T03:59:30Z DEBUG mantis::loadflow] i:      7, j:     14
[2026-02-17T03:59:30Z DEBUG mantis::loadflow] i:      7, j:     18
[2026-02-17T03:59:30Z DEBUG mantis::loadflow] i:      7, j:     18
[2026-02-17T03:59:30Z DEBUG mantis::loadflow] i:      8, j:     13
[2026-02-17T03:59:30Z DEBUG mantis::loadflow] i:     10, j:     12
[2026-02-17T03:59:30Z DEBUG mantis::loadflow] i:     10, j:     14
[2026-02-17T03:59:30Z DEBUG mantis::loadflow] i:     11, j:     14
[2026-02-17T03:59:30Z DEBUG mantis::loadflow] i:     11, j:     16
[2026-02-17T03:59:30Z DEBUG mantis::loadflow] i:     12, j:     15
[2026-02-17T03:59:30Z DEBUG mantis::loadflow] i:     15, j:     17
[2026-02-17T03:59:30Z DEBUG mantis::loadflow] i:     16, j:     17
[2026-02-17T03:59:30Z DEBUG mantis::loadflow] i:     19, j:     28
[2026-02-17T03:59:30Z DEBUG mantis::loadflow] i:     19, j:     30
[2026-02-17T03:59:30Z DEBUG mantis::loadflow] i:     21, j:     23
[2026-02-17T03:59:30Z DEBUG mantis::loadflow] i:     21, j:     35
[2026-02-17T03:59:30Z DEBUG mantis::loadflow] i:     22, j:     24
[2026-02-17T03:59:30Z DEBUG mantis::loadflow] i:     22, j:     24
[2026-02-17T03:59:30Z DEBUG mantis::loadflow] i:     22, j:     31
[2026-02-17T03:59:30Z DEBUG mantis::loadflow] i:     22, j:     34
[2026-02-17T03:59:30Z DEBUG mantis::loadflow] i:     23, j:     33
[2026-02-17T03:59:30Z DEBUG mantis::loadflow] i:     23, j:     33
[2026-02-17T03:59:30Z DEBUG mantis::loadflow] i:     23, j:     35
[2026-02-17T03:59:30Z DEBUG mantis::loadflow] i:     23, j:     35
[2026-02-17T03:59:30Z DEBUG mantis::loadflow] i:     25, j:     27
[2026-02-17T03:59:30Z DEBUG mantis::loadflow] i:     26, j:     28
[2026-02-17T03:59:30Z DEBUG mantis::loadflow] i:     26, j:     28
[2026-02-17T03:59:30Z DEBUG mantis::loadflow] i:     26, j:     29
[2026-02-17T03:59:30Z DEBUG mantis::loadflow] i:     27, j:     28
[2026-02-17T03:59:30Z DEBUG mantis::loadflow] i:     27, j:     30
[2026-02-17T03:59:30Z DEBUG mantis::loadflow] i:     29, j:     31
[2026-02-17T03:59:30Z DEBUG mantis::loadflow] i:     31, j:     32
[2026-02-17T03:59:30Z DEBUG mantis::loadflow] i:     31, j:     32
[2026-02-17T03:59:30Z DEBUG mantis::loadflow] i:     33, j:     35
[2026-02-17T03:59:30Z DEBUG mantis::loadflow] i:      0, j:      1
[2026-02-17T03:59:30Z DEBUG mantis::loadflow] i:      0, j:      1
[2026-02-17T03:59:30Z DEBUG mantis::loadflow] i:      0, j:      1
[2026-02-17T03:59:30Z DEBUG mantis::loadflow] i:      4, j:      5
[2026-02-17T03:59:30Z DEBUG mantis::loadflow] i:      8, j:      9
[2026-02-17T03:59:30Z DEBUG mantis::loadflow] i:     13, j:     14
[2026-02-17T03:59:30Z DEBUG mantis::loadflow] i:     13, j:     14
[2026-02-17T03:59:30Z DEBUG mantis::loadflow] i:     23, j:     24
[2026-02-17T03:59:30Z DEBUG mantis::loadflow] i:     23, j:     24
[2026-02-17T03:59:30Z DEBUG mantis::loadflow] B'=
    
      ┌                                                                                                                                                                                                                                                                                                                                                                                                             ┐
      │ -1757.0807   24.23929          0          0   588.2353          0          0          0          0          0          0          0          0          0          0          0          0          0          0          0          0  267.37967          0  692.04156          0          0          0          0          0          0          0          0          0  185.18518          0          0 │
      │   24.23929  -343.1954          0  23.277468          0   74.37709   36.31082          0          0          0          0          0          0          0          0          0          0          0          0          0  27.427317          0          0          0  65.595276          0          0          0          0          0          0          0          0          0          0          0 │
      │          0          0 -435.62973          0          0    135.318          0          0          0          0          0          0          0          0          0   41.96391          0          0   217.0767          0  41.271152          0          0          0          0          0          0          0          0          0          0          0          0          0          0          0 │
      │          0  23.277468          0 -105.64979          0          0          0          0          0          0          0          0   82.37232          0          0          0          0          0          0          0          0          0          0          0          0          0          0          0          0          0          0          0          0          0          0          0 │
      │   588.2353          0          0          0  -1206.298   7.165428          0          0   436.6812          0          0          0          0  174.21603          0          0          0          0          0          0          0          0          0          0          0          0          0          0          0          0          0          0          0          0          0          0 │
      │          0   74.37709    135.318          0   7.165428  -1163.993  749.99994          0          0          0   50.50505  146.62756          0          0          0          0          0          0          0          0          0          0          0          0          0          0          0          0          0          0          0          0          0          0          0          0 │
      │          0   36.31082          0          0          0  749.99994 -1355.1205          0          0  249.99998          0          0  318.80975          0          0          0          0          0          0          0          0          0          0          0          0          0          0          0          0          0          0          0          0          0          0          0 │
      │          0          0          0          0          0          0          0  -85.92594          0          0          0          0          0          0  31.857279          0          0          0  54.068665          0          0          0          0          0          0          0          0          0          0          0          0          0          0          0          0          0 │
      │          0          0          0          0   436.6812          0          0          0 -551.82074   7.958362          0          0          0  107.18114          0          0          0          0          0          0          0          0          0          0          0          0          0          0          0          0          0          0          0          0          0          0 │
      │          0          0          0          0          0          0  249.99998          0   7.958362 -257.95834          0          0          0          0          0          0          0          0          0          0          0          0          0          0          0          0          0          0          0          0          0          0          0          0          0          0 │
      │          0          0          0          0          0   50.50505          0          0          0          0  -147.6903          0  54.229935          0  42.955326          0          0          0          0          0          0          0          0          0          0          0          0          0          0          0          0          0          0          0          0          0 │
      │          0          0          0          0          0  146.62756          0          0          0          0          0 -256.70706          0          0  66.181335          0   43.89816          0          0          0          0          0          0          0          0          0          0          0          0          0          0          0          0          0          0          0 │
      │          0          0          0   82.37232          0          0  318.80975          0          0          0  54.229935          0  -531.8063          0          0  76.394196          0          0          0          0          0          0          0          0          0          0          0          0          0          0          0          0          0          0          0          0 │
      │          0          0          0          0  174.21603          0          0          0  107.18114          0          0          0          0 -296.60376  15.206581          0          0          0          0          0          0          0          0          0          0          0          0          0          0          0          0          0          0          0          0          0 │
      │          0          0          0          0          0          0          0  31.857279          0          0  42.955326  66.181335          0  15.206581 -156.20052          0          0          0          0          0          0          0          0          0          0          0          0          0          0          0          0          0          0          0          0          0 │
      │          0          0   41.96391          0          0          0          0          0          0          0          0          0  76.394196          0          0  -182.7496          0  64.391495          0          0          0          0          0          0          0          0          0          0          0          0          0          0          0          0          0          0 │
      │          0          0          0          0          0          0          0          0          0          0          0   43.89816          0          0          0          0 -145.52417 101.626015          0          0          0          0          0          0          0          0          0          0          0          0          0          0          0          0          0          0 │
      │          0          0          0          0          0          0          0          0          0          0          0          0          0          0          0  64.391495 101.626015 -166.01752          0          0          0          0          0          0          0          0          0          0          0          0          0          0          0          0          0          0 │
      │          0          0   217.0767          0          0          0          0  54.068665          0          0          0          0          0          0          0          0          0          0  -589.1105          0          0          0          0          0          0          0          0          0          0          0          0          0          0          0          0          0 │
      │          0          0          0          0          0          0          0          0          0          0          0          0          0          0          0          0          0          0          0 -126.34679          0          0          0          0          0          0          0          0  35.971226          0    66.9344          0          0          0          0          0 │
      │          0  27.427317  41.271152          0          0          0          0          0          0          0          0          0          0          0          0          0          0          0          0          0  -68.69847          0          0          0          0          0          0          0          0          0          0          0          0          0          0          0 │
      │  267.37967          0          0          0          0          0          0          0          0          0          0          0          0          0          0          0          0          0          0          0          0 -775.31116          0  335.57047          0          0          0          0          0          0          0          0          0          0          0  146.62756 │
      │          0          0          0          0          0          0          0          0          0          0          0          0          0          0          0          0          0          0          0          0          0          0 -233.57834          0  121.58054          0          0          0          0          0          0    59.1716          0          0  52.826202          0 │
      │  692.04156          0          0          0          0          0          0          0          0          0          0          0          0          0          0          0          0          0          0          0          0  335.57047          0 -1934.4526  13.580959          0          0          0          0          0          0          0          0  484.26154          0  408.99796 │
      │          0  65.595276          0          0          0          0          0          0          0          0          0          0          0          0          0          0          0          0          0          0          0          0  121.58054  13.580959 -200.75677          0          0          0          0          0          0          0          0          0          0          0 │
      │          0          0          0          0          0          0          0          0          0          0          0          0          0          0          0          0          0          0          0          0          0          0          0          0          0  -41.87605          0   41.87605          0          0          0          0          0          0          0          0 │
      │          0          0          0          0          0          0          0          0          0          0          0          0          0          0          0          0          0          0          0          0          0          0          0          0          0          0  -198.1524          0  178.57144  19.580967          0          0          0          0          0          0 │
      │          0          0          0          0          0          0          0          0          0          0          0          0          0          0          0          0          0          0          0          0          0          0          0          0          0   41.87605          0 -152.68585   67.61325          0  43.196545          0          0          0          0          0 │
      │          0          0          0          0          0          0          0          0          0          0          0          0          0          0          0          0          0          0          0  35.971226          0          0          0          0          0          0  178.57144   67.61325  -282.1559          0          0          0          0          0          0          0 │
      │          0          0          0          0          0          0          0          0          0          0          0          0          0          0          0          0          0          0          0          0          0          0          0          0          0          0  19.580967          0          0 -56.672955          0  37.091988          0          0          0          0 │
      │          0          0          0          0          0          0          0          0          0          0          0          0          0          0          0          0          0          0          0    66.9344          0          0          0          0          0          0          0  43.196545          0          0 -110.13095          0          0          0          0          0 │
      │          0          0          0          0          0          0          0          0          0          0          0          0          0          0          0          0          0          0          0          0          0          0    59.1716          0          0          0          0          0          0  37.091988          0 -152.95293  56.689342          0          0          0 │
      │          0          0          0          0          0          0          0          0          0          0          0          0          0          0          0          0          0          0          0          0          0          0          0          0          0          0          0          0          0          0          0  56.689342 -123.04635          0          0          0 │
      │  185.18518          0          0          0          0          0          0          0          0          0          0          0          0          0          0          0          0          0          0          0          0          0          0  484.26154          0          0          0          0          0          0          0          0          0 -1327.3414          0   657.8947 │
      │          0          0          0          0          0          0          0          0          0          0          0          0          0          0          0          0          0          0          0          0          0          0  52.826202          0          0          0          0          0          0          0          0          0          0          0 -52.826202          0 │
      │          0          0          0          0          0          0          0          0          0          0          0          0          0          0          0          0          0          0          0          0          0  146.62756          0  408.99796          0          0          0          0          0          0          0          0          0   657.8947          0 -1213.5203 │
      └                                                                                                                                                                                                                                                                                                                                                                                                             ┘
    
    
